<?xml version="1.0" encoding="UTF-8"?>
<!-- Generated by org.testng.reporters.JUnitXMLReporter -->
<testsuite ignored="0" hostname="Jayass-MacBook-Air.local" failures="1" tests="13" name="Free CRM TestCases" time="273.037" errors="0" timestamp="2023-01-13T14:17:45 IST">
  <testcase classname="com.crm.qa.tests.LoginPageTest" name="verifingtitle" time="0.022"/>
  <testcase classname="com.crm.qa.tests.LoginPageTest" name="verifingLogo" time="0.147"/>
  <testcase classname="com.crm.qa.tests.LoginPageTest" name="login" time="9.028"/>
  <testcase classname="com.crm.qa.tests.HomePageTest" name="homePageTitle" time="0.01">
    <failure type="java.lang.AssertionError" message="expected [CRMPRO1] but found [CRMPRO]">
      <![CDATA[java.lang.AssertionError: expected [CRMPRO1] but found [CRMPRO]
at com.crm.qa.tests.HomePageTest.homePageTitle(HomePageTest.java:50)
at java.base/java.util.ArrayList.forEach(ArrayList.java:1511)
... Removed 33 stack frames]]>
    </failure>
  </testcase> <!-- homePageTitle -->
  <testcase classname="com.crm.qa.tests.HomePageTest" name="verifingUsername" time="0.064"/>
  <testcase classname="com.crm.qa.tests.HomePageTest" name="clickOnContacts" time="3.504"/>
  <testcase classname="com.crm.qa.tests.HomePageTest" name="clickOnTaskss" time="2.715"/>
  <testcase classname="com.crm.qa.tests.HomePageTest" name="clickOnDeals" time="2.694"/>
  <testcase classname="com.crm.qa.tests.ContactsPageTest" name="verifingContactLable" time="0.062"/>
  <testcase classname="com.crm.qa.tests.ContactsPageTest" name="creatNewContact" time="10.329"/>
  <testcase classname="com.crm.qa.tests.ContactsPageTest" name="creatNewContact" time="6.612"/>
  <testcase classname="com.crm.qa.tests.ContactsPageTest" name="creatNewContact" time="7.406"/>
  <testcase classname="com.crm.qa.tests.ContactsPageTest" name="creatNewContact" time="7.655"/>
</testsuite> <!-- Free CRM TestCases -->
